2008-09-16 23:55:07,433 INFO  [AndroMDA] - discovering namespaces -
2008-09-16 23:55:07,714 INFO  [AndroMDA] found namespace --> 'ejb3'
2008-09-16 23:55:07,730 INFO  [AndroMDA]   +  registering component 'cartridge'
2008-09-16 23:55:07,855 INFO  [AndroMDA]   +  registering component 'metafacades'
2008-09-16 23:55:08,120 INFO  [AndroMDA]   +  registering component 'profile'
2008-09-16 23:55:08,167 INFO  [AndroMDA] found namespace --> 'emf-uml2'
2008-09-16 23:55:08,182 INFO  [AndroMDA]   +  registering component 'repository'
2008-09-16 23:55:08,276 INFO  [AndroMDA]   +  registering component 'metafacades'
2008-09-16 23:55:08,572 INFO  [AndroMDA]   +  registering component 'profile'
2008-09-16 23:55:08,588 INFO  [AndroMDA] found namespace --> 'java'
2008-09-16 23:55:08,603 INFO  [AndroMDA]   +  registering component 'cartridge'
2008-09-16 23:55:08,635 INFO  [AndroMDA]   +  registering component 'profile'
2008-09-16 23:55:08,650 INFO  [AndroMDA] found namespace --> 'netBeansMDR'
2008-09-16 23:55:08,650 INFO  [AndroMDA]   +  registering component 'repository'
2008-09-16 23:55:09,009 INFO  [AndroMDA] found namespace --> 'query'
2008-09-16 23:55:09,025 INFO  [AndroMDA]   +  registering component 'translation-library'
2008-09-16 23:55:09,321 INFO  [AndroMDA] found namespace --> 'uml-1.4'
2008-09-16 23:55:09,337 INFO  [AndroMDA]   +  registering component 'metafacades'
2008-09-16 23:55:09,602 INFO  [AndroMDA]   +  registering component 'profile'
2008-09-16 23:55:09,617 INFO  [AndroMDA] found namespace --> 'validation'
2008-09-16 23:55:09,633 INFO  [AndroMDA]   +  registering component 'translation-library'
2008-09-16 23:55:11,817 INFO  [AndroMDA] - core initialization complete: 4.711[s] -
2008-09-16 23:55:11,848 INFO  [AndroMDA] loading model --> 'file:C:/cygwin/home/mna/projects/testejb3/mda/src/main/uml/testejb3.uml2'
2008-09-16 23:55:13,127 INFO  [AndroMDA] referenced model --> 'jar:file:/C:/Users/mna/.m2/repository/org/andromda/repositories/andromda-repository-emf-uml2/3.2/andromda-repository-emf-uml2-3.2.jar!/META-INF/emf/modules/UML2PrimitiveTypes.library.uml2'
2008-09-16 23:55:13,143 INFO  [AndroMDA] referenced model --> 'jar:file:/C:/Users/mna/.m2/repository/org/andromda/repositories/andromda-repository-emf-uml2/3.2/andromda-repository-emf-uml2-3.2.jar!/META-INF/emf/modules/Basic.profile.uml2'
2008-09-16 23:55:13,720 INFO  [AndroMDA] referenced model --> 'jar:file:/C:/Users/mna/.m2/repository/org/andromda/repositories/andromda-repository-emf-uml2/3.2/andromda-repository-emf-uml2-3.2.jar!/META-INF/emf/modules/UML2.metamodel.uml2'
2008-09-16 23:55:13,736 INFO  [AndroMDA] referenced model --> 'jar:file:/C:/Users/mna/.m2/repository/org/andromda/repositories/andromda-repository-emf-uml2/3.2/andromda-repository-emf-uml2-3.2.jar!/META-INF/emf/modules/Ecore.profile.uml2'
2008-09-16 23:55:13,783 INFO  [AndroMDA] referenced model --> 'jar:file:/C:/Users/mna/.m2/repository/org/andromda/repositories/andromda-repository-emf-uml2/3.2/andromda-repository-emf-uml2-3.2.jar!/META-INF/emf/modules/Complete.profile.uml2'
2008-09-16 23:55:14,063 INFO  [AndroMDA] - loading complete: 2.23[s] -
2008-09-16 23:55:14,063 INFO  [AndroMDA] - validating model -
2008-09-16 23:55:15,545 INFO  [AndroMDA] - validation complete: 1.482[s] -
2008-09-16 23:55:16,029 WARN  [org.andromda.core.configuration.Namespaces] WARNING! Namespaces 'default' and 'ejb3' have no property 'test-config' defined --> please define this property in AT LEAST ONE of these two namespaces.  If you want to 'ignore' this message, add the property to the namespace with ignore set to 'true'
2008-09-16 23:55:16,060 WARN  [org.andromda.core.configuration.Namespaces] WARNING! Namespaces 'default' and 'ejb3' have no property 'test-config' defined --> please define this property in AT LEAST ONE of these two namespaces.  If you want to 'ignore' this message, add the property to the namespace with ignore set to 'true'
2008-09-16 23:55:16,450 INFO  [AndroMDA:ejb3] Output: 'file:/C:/cygwin/home/mna/projects/testejb3/mda/../core/target/src/ru/codemasters/shop/domain/Category.java'
2008-09-16 23:55:16,544 INFO  [AndroMDA:ejb3] Output: 'file:/C:/cygwin/home/mna/projects/testejb3/mda/../core/target/src/ru/codemasters/shop/domain/Item.java'
2008-09-16 23:55:16,575 INFO  [AndroMDA:ejb3] Output: 'file:/C:/cygwin/home/mna/projects/testejb3/mda/../core/target/src/META-INF/persistence.xml'
2008-09-16 23:55:16,653 INFO  [AndroMDA:ejb3] Output: 'file:/C:/cygwin/home/mna/projects/testejb3/mda/../core/target/src/ru/codemasters/shop/domain/CategoryDao.java'
2008-09-16 23:55:16,715 INFO  [AndroMDA:ejb3] Output: 'file:/C:/cygwin/home/mna/projects/testejb3/mda/../core/target/src/ru/codemasters/shop/domain/ItemDao.java'
2008-09-16 23:55:16,809 INFO  [AndroMDA:ejb3] Output: 'file:/C:/cygwin/home/mna/projects/testejb3/mda/../core/target/src/ru/codemasters/shop/domain/CategoryDaoBase.java'
2008-09-16 23:55:16,887 INFO  [AndroMDA:ejb3] Output: 'file:/C:/cygwin/home/mna/projects/testejb3/mda/../core/target/src/ru/codemasters/shop/domain/ItemDaoBase.java'
2008-09-16 23:55:16,918 INFO  [AndroMDA:ejb3] Output: 'file:/C:/cygwin/home/mna/projects/testejb3/mda/../core/target/src/ru/codemasters/shop/domain/CategoryDaoImpl.java'
2008-09-16 23:55:16,918 INFO  [AndroMDA:ejb3] Output: 'file:/C:/cygwin/home/mna/projects/testejb3/mda/../core/target/src/ru/codemasters/shop/domain/ItemDaoImpl.java'
2008-09-16 23:55:16,949 INFO  [AndroMDA:ejb3] Output: 'file:/C:/cygwin/home/mna/projects/testejb3/mda/../common/target/src/ru/codemasters/shop/domain/CategoryDaoException.java'
2008-09-16 23:55:16,949 INFO  [AndroMDA:ejb3] Output: 'file:/C:/cygwin/home/mna/projects/testejb3/mda/../common/target/src/ru/codemasters/shop/domain/ItemDaoException.java'
2008-09-16 23:55:16,981 INFO  [AndroMDA:ejb3] Output: 'file:/C:/cygwin/home/mna/projects/testejb3/mda/../core/target/src/META-INF/ejb-jar.xml'
2008-09-16 23:55:16,996 INFO  [AndroMDA:ejb3] Output: 'file:/C:/cygwin/home/mna/projects/testejb3/mda/../core/target/src/META-INF/jboss.xml'
2008-09-16 23:55:17,012 INFO  [AndroMDA:ejb3] Output: 'file:/C:/cygwin/home/mna/projects/testejb3/mda/../core/target/src/META-INF/components.xml'
2008-09-16 23:55:17,027 WARN  [org.andromda.core.configuration.Namespaces] WARNING! Namespaces 'default' and 'ejb3' have no property 'test-config' defined --> please define this property in AT LEAST ONE of these two namespaces.  If you want to 'ignore' this message, add the property to the namespace with ignore set to 'true'
2008-09-16 23:55:17,074 INFO  [AndroMDA] completed model processing --> TIME: 5.241[s], RESOURCES WRITTEN: 14
